<?xml version="1.0" encoding="UTF-8"?>
<!-- Generated by org.testng.reporters.JUnitReportReporter -->
<testsuite hostname="DESKTOP-1FMHMCM" failures="0" tests="1" name="Pruebas.Laboratorio3_E1" time="1.907" errors="0" timestamp="2020-05-13T21:40:56 ART" skipped="0">
  <testcase classname="Pruebas.Laboratorio3_E1" name="registroUsuario" time="1.907"/>
  <system-out/>
</testsuite> <!-- Pruebas.Laboratorio3_E1 -->
