<?xml version="1.0" encoding="UTF-8"?>
<!-- Generated by org.testng.reporters.JUnitReportReporter -->
<testsuite hostname="DESKTOP-1FMHMCM" failures="0" tests="2" name="Pruebas.Laboratorio3_E2" time="4.135" errors="0" timestamp="2020-05-13T21:55:36 ART" skipped="0">
  <testcase classname="Pruebas.Laboratorio3_E2" name="f" time="1.141"/>
  <system-out/>
  <testcase classname="Pruebas.Laboratorio3_E2" name="ingreso" time="2.994"/>
  <system-out/>
</testsuite> <!-- Pruebas.Laboratorio3_E2 -->
