<?xml version="1.0" encoding="UTF-8"?>
<!-- Generated by org.testng.reporters.JUnitReportReporter -->
<testsuite hostname="DESKTOP-1FMHMCM" failures="0" tests="4" name="Pruebas.Laboratorio4_E1" time="7.110" errors="0" timestamp="2020-05-20T20:51:44 ART" skipped="0">
  <testcase classname="Pruebas.Laboratorio4_E1" name="f" time="1.107"/>
  <system-out/>
  <testcase classname="Pruebas.Laboratorio4_E1" name="ingreso" time="2.037"/>
  <system-out/>
  <testcase classname="Pruebas.Laboratorio4_E1" name="ingreso" time="2.006"/>
  <system-out/>
  <testcase classname="Pruebas.Laboratorio4_E1" name="ingreso" time="1.960"/>
  <system-out/>
</testsuite> <!-- Pruebas.Laboratorio4_E1 -->
